<?xml version="1.0" encoding="UTF-8"?>
<TestRun id="fa4ad2b6-f919-4de1-bc73-b39b2472dbf7" name="jeckstein@JECKSTEINLPT2 2012-04-06 05:48:13" runUser="CARBO\jeckstein" xmlns="http://microsoft.com/schemas/VisualStudio/TeamTest/2010">
  <TestSettings name="Local" id="732b8e3a-dcc4-4b3b-b84f-7e29f1f7754d">
    <Description>These are default test settings for a local test run.</Description>
    <Deployment enabled="false" runDeploymentRoot="jeckstein_JECKSTEINLPT2 2012-04-06 05_48_13">
      <DeploymentItem filename="C:\Source\ShouldITakeMyDogToFortFunstonNow\src\DecisionTree\bin\Debug\DecisionTree.dll" />
    </Deployment>
    <Execution>
      <TestTypeSpecific />
      <AgentRule name="Execution Agents">
      </AgentRule>
    </Execution>
  </TestSettings>
  <Times creation="2012-04-06T05:48:13.7644079-07:00" queuing="2012-04-06T05:48:14.0654252-07:00" start="2012-04-06T05:48:14.1854320-07:00" finish="2012-04-06T05:48:14.5084505-07:00" />
  <ResultSummary outcome="Completed">
    <Counters total="4" executed="4" passed="4" error="0" failed="0" timeout="0" aborted="0" inconclusive="0" passedButRunAborted="0" notRunnable="0" notExecuted="0" disconnected="0" warning="0" completed="0" inProgress="0" pending="0" />
  </ResultSummary>
  <TestDefinitions>
    <UnitTest name="MultipleNodesWithDiscreteValuesShouldBeAdded" storage="c:\source\shoulditakemydogtofortfunstonnow\src\tests\decisiontreetests\bin\debug\decisiontreetests.dll" id="2425980c-9f7e-b230-39d4-d7048689a557">
      <Execution id="d1b68342-e321-4361-9a4c-889bff750bed" />
      <TestMethod codeBase="C:/Source/ShouldITakeMyDogToFortFunstonNow/src/Tests/DecisionTreeTests/bin/Debug/DecisionTreeTests.DLL" adapterTypeName="Microsoft.VisualStudio.TestTools.TestTypes.Unit.UnitTestAdapter, Microsoft.VisualStudio.QualityTools.Tips.UnitTest.Adapter, Version=10.0.0.0, Culture=neutral, PublicKeyToken=b03f5f7f11d50a3a" className="DecisionTreeTests.TreeTests, DecisionTreeTests, Version=1.0.0.0, Culture=neutral, PublicKeyToken=null" name="MultipleNodesWithDiscreteValuesShouldBeAdded" />
    </UnitTest>
    <UnitTest name="NewNodeShouldBeAdded" storage="c:\source\shoulditakemydogtofortfunstonnow\src\tests\decisiontreetests\bin\debug\decisiontreetests.dll" id="87db4b0b-4286-657e-f3ac-ae7694470663">
      <Execution id="d3ff4a00-0986-45d6-a709-70d5d9dc5550" />
      <TestMethod codeBase="C:/Source/ShouldITakeMyDogToFortFunstonNow/src/Tests/DecisionTreeTests/bin/Debug/DecisionTreeTests.DLL" adapterTypeName="Microsoft.VisualStudio.TestTools.TestTypes.Unit.UnitTestAdapter, Microsoft.VisualStudio.QualityTools.Tips.UnitTest.Adapter, Version=10.0.0.0, Culture=neutral, PublicKeyToken=b03f5f7f11d50a3a" className="DecisionTreeTests.TreeTests, DecisionTreeTests, Version=1.0.0.0, Culture=neutral, PublicKeyToken=null" name="NewNodeShouldBeAdded" />
    </UnitTest>
    <UnitTest name="ComputeShouldGiveCorrectAnswer" storage="c:\source\shoulditakemydogtofortfunstonnow\src\tests\decisiontreetests\bin\debug\decisiontreetests.dll" id="440984ff-fb86-eb66-34c3-19fb2b5fc703">
      <Execution id="7693442e-29ca-412b-a496-d154e5877893" />
      <TestMethod codeBase="C:/Source/ShouldITakeMyDogToFortFunstonNow/src/Tests/DecisionTreeTests/bin/Debug/DecisionTreeTests.DLL" adapterTypeName="Microsoft.VisualStudio.TestTools.TestTypes.Unit.UnitTestAdapter, Microsoft.VisualStudio.QualityTools.Tips.UnitTest.Adapter, Version=10.0.0.0, Culture=neutral, PublicKeyToken=b03f5f7f11d50a3a" className="DecisionTreeTests.TreeTests, DecisionTreeTests, Version=1.0.0.0, Culture=neutral, PublicKeyToken=null" name="ComputeShouldGiveCorrectAnswer" />
    </UnitTest>
    <UnitTest name="NodesWithSameValueShouldBranchOffParent" storage="c:\source\shoulditakemydogtofortfunstonnow\src\tests\decisiontreetests\bin\debug\decisiontreetests.dll" id="24fd83be-0aaf-86aa-aa78-0073e0c11ea3">
      <Execution id="fd429a59-4494-4b08-ad39-b4976f840ad1" />
      <TestMethod codeBase="C:/Source/ShouldITakeMyDogToFortFunstonNow/src/Tests/DecisionTreeTests/bin/Debug/DecisionTreeTests.DLL" adapterTypeName="Microsoft.VisualStudio.TestTools.TestTypes.Unit.UnitTestAdapter, Microsoft.VisualStudio.QualityTools.Tips.UnitTest.Adapter, Version=10.0.0.0, Culture=neutral, PublicKeyToken=b03f5f7f11d50a3a" className="DecisionTreeTests.TreeTests, DecisionTreeTests, Version=1.0.0.0, Culture=neutral, PublicKeyToken=null" name="NodesWithSameValueShouldBranchOffParent" />
    </UnitTest>
  </TestDefinitions>
  <TestLists>
    <TestList name="Results Not in a List" id="8c84fa94-04c1-424b-9868-57a2d4851a1d" />
    <TestList name="All Loaded Results" id="19431567-8539-422a-85d7-44ee4e166bda" />
  </TestLists>
  <TestEntries>
    <TestEntry testId="2425980c-9f7e-b230-39d4-d7048689a557" executionId="d1b68342-e321-4361-9a4c-889bff750bed" testListId="8c84fa94-04c1-424b-9868-57a2d4851a1d" />
    <TestEntry testId="24fd83be-0aaf-86aa-aa78-0073e0c11ea3" executionId="fd429a59-4494-4b08-ad39-b4976f840ad1" testListId="8c84fa94-04c1-424b-9868-57a2d4851a1d" />
    <TestEntry testId="440984ff-fb86-eb66-34c3-19fb2b5fc703" executionId="7693442e-29ca-412b-a496-d154e5877893" testListId="8c84fa94-04c1-424b-9868-57a2d4851a1d" />
    <TestEntry testId="87db4b0b-4286-657e-f3ac-ae7694470663" executionId="d3ff4a00-0986-45d6-a709-70d5d9dc5550" testListId="8c84fa94-04c1-424b-9868-57a2d4851a1d" />
  </TestEntries>
  <Results>
    <UnitTestResult executionId="d1b68342-e321-4361-9a4c-889bff750bed" testId="2425980c-9f7e-b230-39d4-d7048689a557" testName="MultipleNodesWithDiscreteValuesShouldBeAdded" computerName="JECKSTEINLPT2" duration="00:00:00.0210607" startTime="2012-04-06T05:48:14.1074276-07:00" endTime="2012-04-06T05:48:14.4084448-07:00" testType="13cdc9d9-ddb5-4fa4-a97d-d965ccfc6d4b" outcome="Passed" testListId="8c84fa94-04c1-424b-9868-57a2d4851a1d" relativeResultsDirectory="d1b68342-e321-4361-9a4c-889bff750bed">
    </UnitTestResult>
    <UnitTestResult executionId="fd429a59-4494-4b08-ad39-b4976f840ad1" testId="24fd83be-0aaf-86aa-aa78-0073e0c11ea3" testName="NodesWithSameValueShouldBranchOffParent" computerName="JECKSTEINLPT2" duration="00:00:00.0012866" startTime="2012-04-06T05:48:14.4374464-07:00" endTime="2012-04-06T05:48:14.4414467-07:00" testType="13cdc9d9-ddb5-4fa4-a97d-d965ccfc6d4b" outcome="Passed" testListId="8c84fa94-04c1-424b-9868-57a2d4851a1d" relativeResultsDirectory="fd429a59-4494-4b08-ad39-b4976f840ad1">
    </UnitTestResult>
    <UnitTestResult executionId="7693442e-29ca-412b-a496-d154e5877893" testId="440984ff-fb86-eb66-34c3-19fb2b5fc703" testName="ComputeShouldGiveCorrectAnswer" computerName="JECKSTEINLPT2" duration="00:00:00.0043799" startTime="2012-04-06T05:48:14.4614478-07:00" endTime="2012-04-06T05:48:14.4694483-07:00" testType="13cdc9d9-ddb5-4fa4-a97d-d965ccfc6d4b" outcome="Passed" testListId="8c84fa94-04c1-424b-9868-57a2d4851a1d" relativeResultsDirectory="7693442e-29ca-412b-a496-d154e5877893">
    </UnitTestResult>
    <UnitTestResult executionId="d3ff4a00-0986-45d6-a709-70d5d9dc5550" testId="87db4b0b-4286-657e-f3ac-ae7694470663" testName="NewNodeShouldBeAdded" computerName="JECKSTEINLPT2" duration="00:00:00.0004893" startTime="2012-04-06T05:48:14.4744486-07:00" endTime="2012-04-06T05:48:14.4784488-07:00" testType="13cdc9d9-ddb5-4fa4-a97d-d965ccfc6d4b" outcome="Passed" testListId="8c84fa94-04c1-424b-9868-57a2d4851a1d" relativeResultsDirectory="d3ff4a00-0986-45d6-a709-70d5d9dc5550">
    </UnitTestResult>
  </Results>
</TestRun>